10:02:04,683 ERROR [org.jboss.resteasy.resteasy_jaxrs.i18n] (http-/127.0.0.1:8080-8) RESTEASY000105: Failed to execute: org.keycloak.services.ErrorResponseException
    at org.keycloak.protocol.oidc.endpoints.TokenEndpoint.buildAuthorizationCodeAccessTokenResponse(TokenEndpoint.java:220) [keycloak-services-1.4.0.Final.jar:1.4.0.Final]
    at org.keycloak.protocol.oidc.endpoints.TokenEndpoint.build(TokenEndpoint.java:109) [keycloak-services-1.4.0.Final.jar:1.4.0.Final]
    at sun.reflect.NativeMethodAccessorImpl.invoke0(Native Method) [rt.jar:1.7.0_79]
    at sun.reflect.NativeMethodAccessorImpl.invoke(NativeMethodAccessorImpl.java:57) [rt.jar:1.7.0_79]
    at sun.reflect.DelegatingMethodAccessorImpl.invoke(DelegatingMethodAccessorImpl.java:43) [rt.jar:1.7.0_79]
    at java.lang.reflect.Method.invoke(Method.java:606) [rt.jar:1.7.0_79]
    at org.jboss.resteasy.core.MethodInjectorImpl.invoke(MethodInjectorImpl.java:168) [resteasy-jaxrs-2.3.10.Final-redhat-1.jar:]
    at org.jboss.resteasy.core.ResourceMethod.invokeOnTarget(ResourceMethod.java:269) [resteasy-jaxrs-2.3.10.Final-redhat-1.jar:]
    at org.jboss.resteasy.core.ResourceMethod.invoke(ResourceMethod.java:227) [resteasy-jaxrs-2.3.10.Final-redhat-1.jar:]
    at org.jboss.resteasy.core.ResourceLocator.invokeOnTargetObject(ResourceLocator.java:158) [resteasy-jaxrs-2.3.10.Final-redhat-1.jar:]
    at org.jboss.resteasy.core.ResourceLocator.invoke(ResourceLocator.java:106) [resteasy-jaxrs-2.3.10.Final-redhat-1.jar:]
    at org.jboss.resteasy.core.ResourceLocator.invokeOnTargetObject(ResourceLocator.java:153) [resteasy-jaxrs-2.3.10.Final-redhat-1.jar:]
    at org.jboss.resteasy.core.ResourceLocator.invoke(ResourceLocator.java:91) [resteasy-jaxrs-2.3.10.Final-redhat-1.jar:]
    at org.jboss.resteasy.core.SynchronousDispatcher.getResponse(SynchronousDispatcher.java:541) [resteasy-jaxrs-2.3.10.Final-redhat-1.jar:]
    at org.jboss.resteasy.core.SynchronousDispatcher.invoke(SynchronousDispatcher.java:523) [resteasy-jaxrs-2.3.10.Final-redhat-1.jar:]
    at org.jboss.resteasy.core.SynchronousDispatcher.invoke(SynchronousDispatcher.java:125) [resteasy-jaxrs-2.3.10.Final-redhat-1.jar:]
    at org.jboss.resteasy.plugins.server.servlet.ServletContainerDispatcher.service(ServletContainerDispatcher.java:208) [resteasy-jaxrs-2.3.10.Final-redhat-1.jar:]
    at org.jboss.resteasy.plugins.server.servlet.HttpServletDispatcher.service(HttpServletDispatcher.java:55) [resteasy-jaxrs-2.3.10.Final-redhat-1.jar:]
    at org.jboss.resteasy.plugins.server.servlet.HttpServletDispatcher.service(HttpServletDispatcher.java:50) [resteasy-jaxrs-2.3.10.Final-redhat-1.jar:]
    at javax.servlet.http.HttpServlet.service(HttpServlet.java:847) [jboss-servlet-api_3.0_spec-1.0.2.Final-redhat-2.jar:1.0.2.Final-redhat-2]
    at org.apache.catalina.core.ApplicationFilterChain.internalDoFilter(ApplicationFilterChain.java:295) [jbossweb-7.5.9.Final-redhat-1.jar:7.5.9.Final-redhat-1]
    at org.apache.catalina.core.ApplicationFilterChain.doFilter(ApplicationFilterChain.java:214) [jbossweb-7.5.9.Final-redhat-1.jar:7.5.9.Final-redhat-1]
    at org.keycloak.services.filters.KeycloakSessionServletFilter.doFilter(KeycloakSessionServletFilter.java:59) [keycloak-services-1.4.0.Final.jar:1.4.0.Final]
    at org.apache.catalina.core.ApplicationFilterChain.internalDoFilter(ApplicationFilterChain.java:246) [jbossweb-7.5.9.Final-redhat-1.jar:7.5.9.Final-redhat-1]
    at org.apache.catalina.core.ApplicationFilterChain.doFilter(ApplicationFilterChain.java:214) [jbossweb-7.5.9.Final-redhat-1.jar:7.5.9.Final-redhat-1]
    at org.apache.catalina.core.StandardWrapperValve.invoke(StandardWrapperValve.java:231) [jbossweb-7.5.9.Final-redhat-1.jar:7.5.9.Final-redhat-1]
    at org.apache.catalina.core.StandardContextValve.invoke(StandardContextValve.java:149) [jbossweb-7.5.9.Final-redhat-1.jar:7.5.9.Final-redhat-1]
    at org.jboss.as.web.security.SecurityContextAssociationValve.invoke(SecurityContextAssociationValve.java:169) [jboss-as-web-7.5.2.Final-redhat-2.jar:7.5.2.Final-redhat-2]
    at org.apache.catalina.core.StandardHostValve.invoke(StandardHostValve.java:150) [jbossweb-7.5.9.Final-redhat-1.jar:7.5.9.Final-redhat-1]
    at org.apache.catalina.valves.ErrorReportValve.invoke(ErrorReportValve.java:97) [jbossweb-7.5.9.Final-redhat-1.jar:7.5.9.Final-redhat-1]
    at org.apache.catalina.authenticator.SingleSignOn.invoke(SingleSignOn.java:400) [jbossweb-7.5.9.Final-redhat-1.jar:7.5.9.Final-redhat-1]
    at org.apache.catalina.core.StandardEngineValve.invoke(StandardEngineValve.java:102) [jbossweb-7.5.9.Final-redhat-1.jar:7.5.9.Final-redhat-1]
    at org.apache.catalina.connector.CoyoteAdapter.service(CoyoteAdapter.java:344) [jbossweb-7.5.9.Final-redhat-1.jar:7.5.9.Final-redhat-1]
    at org.apache.coyote.http11.Http11Processor.process(Http11Processor.java:854) [jbossweb-7.5.9.Final-redhat-1.jar:7.5.9.Final-redhat-1]
    at org.apache.coyote.http11.Http11Protocol$Http11ConnectionHandler.process(Http11Protocol.java:653) [jbossweb-7.5.9.Final-redhat-1.jar:7.5.9.Final-redhat-1]
    at org.apache.tomcat.util.net.JIoEndpoint$Worker.run(JIoEndpoint.java:926) [jbossweb-7.5.9.Final-redhat-1.jar:7.5.9.Final-redhat-1]
    at java.lang.Thread.run(Thread.java:745) [rt.jar:1.7.0_79]

10:02:04,693 ERROR [org.keycloak.adapters.OAuthRequestAuthenticator] (http-/127.0.0.1:8080-1) failed to turn code into token
10:02:04,693 ERROR [org.keycloak.adapters.OAuthRequestAuthenticator] (http-/127.0.0.1:8080-1) status from server: 400
10:02:04,693 ERROR [org.keycloak.adapters.OAuthRequestAuthenticator] (http-/127.0.0.1:8080-1)    {"error":"invalid_grant","error_description":"Incorrect redirect_uri"}
